<?xml version="1.0" encoding="UTF-8"?>
<testsuites>
  <testsuite name="" tests="1" assertions="2" errors="0" warnings="0" failures="1" skipped="0" time="3.615213">
    <testsuite name="Feature" tests="1" assertions="2" errors="0" warnings="0" failures="1" skipped="0" time="3.615213">
      <testsuite name="Tests\Feature\ProdutoTest" file="/home/vagrant/tdd/tests/Feature/ProdutoTest.php" tests="1" assertions="2" errors="0" warnings="0" failures="1" skipped="0" time="3.615213">
        <testcase name="um_produto_pode_ser_criado" class="Tests\Feature\ProdutoTest" classname="Tests.Feature.ProdutoTest" file="/home/vagrant/tdd/tests/Feature/ProdutoTest.php" line="18" assertions="2" time="3.615213">
          <failure type="PHPUnit\Framework\ExpectationFailedException">Tests\Feature\ProdutoTest::um_produto_pode_ser_criado
Failed asserting that '' contains "Et".

/home/vagrant/tdd/vendor/laravel/framework/src/Illuminate/Testing/TestResponse.php:549
/home/vagrant/tdd/tests/Feature/ProdutoTest.php:35</failure>
        </testcase>
      </testsuite>
    </testsuite>
  </testsuite>
</testsuites>
