<?xml version="1.0" encoding="UTF-8"?>
<testsuites>
  <testsuite name="" tests="1" assertions="0" errors="1" warnings="0" failures="0" skipped="0" time="3.836510">
    <testsuite name="Feature" tests="1" assertions="0" errors="1" warnings="0" failures="0" skipped="0" time="3.836510">
      <testsuite name="Tests\Feature\ProdutoTest" file="/home/vagrant/tdd/tests/Feature/ProdutoTest.php" tests="1" assertions="0" errors="1" warnings="0" failures="0" skipped="0" time="3.836510">
        <testcase name="um_produto_pode_ser_criado" class="Tests\Feature\ProdutoTest" classname="Tests.Feature.ProdutoTest" file="/home/vagrant/tdd/tests/Feature/ProdutoTest.php" line="18" assertions="0" time="3.836510">
          <error type="Illuminate\Database\QueryException">Tests\Feature\ProdutoTest::um_produto_pode_ser_criado
Illuminate\Database\QueryException: SQLSTATE[23000]: Integrity constraint violation: 19 NOT NULL constraint failed: produtos.descricao (SQL: insert into "produtos" ("nome", "updated_at", "created_at") values (Accusamus, 2021-08-24 23:43:06, 2021-08-24 23:43:06))

/home/vagrant/tdd/vendor/laravel/framework/src/Illuminate/Database/Connection.php:692
/home/vagrant/tdd/vendor/laravel/framework/src/Illuminate/Database/Connection.php:652
/home/vagrant/tdd/vendor/laravel/framework/src/Illuminate/Database/Connection.php:486
/home/vagrant/tdd/vendor/laravel/framework/src/Illuminate/Database/Connection.php:438
/home/vagrant/tdd/vendor/laravel/framework/src/Illuminate/Database/Query/Processors/Processor.php:32
/home/vagrant/tdd/vendor/laravel/framework/src/Illuminate/Database/Query/Builder.php:2964
/home/vagrant/tdd/vendor/laravel/framework/src/Illuminate/Database/Eloquent/Builder.php:1628
/home/vagrant/tdd/vendor/laravel/framework/src/Illuminate/Database/Eloquent/Model.php:1136
/home/vagrant/tdd/vendor/laravel/framework/src/Illuminate/Database/Eloquent/Model.php:1101
/home/vagrant/tdd/vendor/laravel/framework/src/Illuminate/Database/Eloquent/Model.php:942
/home/vagrant/tdd/vendor/laravel/framework/src/Illuminate/Database/Eloquent/Builder.php:871
/home/vagrant/tdd/vendor/laravel/framework/src/Illuminate/Support/helpers.php:263
/home/vagrant/tdd/vendor/laravel/framework/src/Illuminate/Database/Eloquent/Builder.php:872
/home/vagrant/tdd/vendor/laravel/framework/src/Illuminate/Support/Traits/ForwardsCalls.php:23
/home/vagrant/tdd/vendor/laravel/framework/src/Illuminate/Database/Eloquent/Model.php:2047
/home/vagrant/tdd/vendor/laravel/framework/src/Illuminate/Database/Eloquent/Model.php:2059
/home/vagrant/tdd/routes/web.php:19
/home/vagrant/tdd/vendor/laravel/framework/src/Illuminate/Routing/Route.php:237
/home/vagrant/tdd/vendor/laravel/framework/src/Illuminate/Routing/Route.php:207
/home/vagrant/tdd/vendor/laravel/framework/src/Illuminate/Routing/Router.php:695
/home/vagrant/tdd/vendor/laravel/framework/src/Illuminate/Pipeline/Pipeline.php:128
/home/vagrant/tdd/vendor/laravel/framework/src/Illuminate/Routing/Middleware/SubstituteBindings.php:50
/home/vagrant/tdd/vendor/laravel/framework/src/Illuminate/Pipeline/Pipeline.php:167
/home/vagrant/tdd/vendor/laravel/framework/src/Illuminate/Foundation/Http/Middleware/VerifyCsrfToken.php:78
/home/vagrant/tdd/vendor/laravel/framework/src/Illuminate/Pipeline/Pipeline.php:167
/home/vagrant/tdd/vendor/laravel/framework/src/Illuminate/View/Middleware/ShareErrorsFromSession.php:49
/home/vagrant/tdd/vendor/laravel/framework/src/Illuminate/Pipeline/Pipeline.php:167
/home/vagrant/tdd/vendor/laravel/framework/src/Illuminate/Session/Middleware/StartSession.php:121
/home/vagrant/tdd/vendor/laravel/framework/src/Illuminate/Session/Middleware/StartSession.php:64
/home/vagrant/tdd/vendor/laravel/framework/src/Illuminate/Pipeline/Pipeline.php:167
/home/vagrant/tdd/vendor/laravel/framework/src/Illuminate/Cookie/Middleware/AddQueuedCookiesToResponse.php:37
/home/vagrant/tdd/vendor/laravel/framework/src/Illuminate/Pipeline/Pipeline.php:167
/home/vagrant/tdd/vendor/laravel/framework/src/Illuminate/Cookie/Middleware/EncryptCookies.php:67
/home/vagrant/tdd/vendor/laravel/framework/src/Illuminate/Pipeline/Pipeline.php:167
/home/vagrant/tdd/vendor/laravel/framework/src/Illuminate/Pipeline/Pipeline.php:103
/home/vagrant/tdd/vendor/laravel/framework/src/Illuminate/Routing/Router.php:697
/home/vagrant/tdd/vendor/laravel/framework/src/Illuminate/Routing/Router.php:672
/home/vagrant/tdd/vendor/laravel/framework/src/Illuminate/Routing/Router.php:636
/home/vagrant/tdd/vendor/laravel/framework/src/Illuminate/Routing/Router.php:625
/home/vagrant/tdd/vendor/laravel/framework/src/Illuminate/Foundation/Http/Kernel.php:166
/home/vagrant/tdd/vendor/laravel/framework/src/Illuminate/Pipeline/Pipeline.php:128
/home/vagrant/tdd/vendor/laravel/framework/src/Illuminate/Foundation/Http/Middleware/TransformsRequest.php:21
/home/vagrant/tdd/vendor/laravel/framework/src/Illuminate/Foundation/Http/Middleware/ConvertEmptyStringsToNull.php:31
/home/vagrant/tdd/vendor/laravel/framework/src/Illuminate/Pipeline/Pipeline.php:167
/home/vagrant/tdd/vendor/laravel/framework/src/Illuminate/Foundation/Http/Middleware/TransformsRequest.php:21
/home/vagrant/tdd/vendor/laravel/framework/src/Illuminate/Foundation/Http/Middleware/TrimStrings.php:40
/home/vagrant/tdd/vendor/laravel/framework/src/Illuminate/Pipeline/Pipeline.php:167
/home/vagrant/tdd/vendor/laravel/framework/src/Illuminate/Foundation/Http/Middleware/ValidatePostSize.php:27
/home/vagrant/tdd/vendor/laravel/framework/src/Illuminate/Pipeline/Pipeline.php:167
/home/vagrant/tdd/vendor/laravel/framework/src/Illuminate/Foundation/Http/Middleware/PreventRequestsDuringMaintenance.php:86
/home/vagrant/tdd/vendor/laravel/framework/src/Illuminate/Pipeline/Pipeline.php:167
/home/vagrant/tdd/vendor/fruitcake/laravel-cors/src/HandleCors.php:38
/home/vagrant/tdd/vendor/laravel/framework/src/Illuminate/Pipeline/Pipeline.php:167
/home/vagrant/tdd/vendor/laravel/framework/src/Illuminate/Http/Middleware/TrustProxies.php:39
/home/vagrant/tdd/vendor/laravel/framework/src/Illuminate/Pipeline/Pipeline.php:167
/home/vagrant/tdd/vendor/laravel/framework/src/Illuminate/Pipeline/Pipeline.php:103
/home/vagrant/tdd/vendor/laravel/framework/src/Illuminate/Foundation/Http/Kernel.php:141
/home/vagrant/tdd/vendor/laravel/framework/src/Illuminate/Foundation/Http/Kernel.php:110
/home/vagrant/tdd/vendor/laravel/framework/src/Illuminate/Foundation/Testing/Concerns/MakesHttpRequests.php:510
/home/vagrant/tdd/vendor/laravel/framework/src/Illuminate/Foundation/Testing/Concerns/MakesHttpRequests.php:322
/home/vagrant/tdd/tests/Feature/ProdutoTest.php:31</error>
        </testcase>
      </testsuite>
    </testsuite>
  </testsuite>
</testsuites>
