<?xml version="1.0" encoding="UTF-8"?>
<testsuites>
  <testsuite name="" tests="1" assertions="1" errors="0" warnings="0" failures="0" skipped="0" time="3.657861">
    <testsuite name="Feature" tests="1" assertions="1" errors="0" warnings="0" failures="0" skipped="0" time="3.657861">
      <testsuite name="Tests\Feature\ProdutoTest" file="/home/vagrant/tdd/tests/Feature/ProdutoTest.php" tests="1" assertions="1" errors="0" warnings="0" failures="0" skipped="0" time="3.657861">
        <testcase name="um_produto_pode_ser_criado" class="Tests\Feature\ProdutoTest" classname="Tests.Feature.ProdutoTest" file="/home/vagrant/tdd/tests/Feature/ProdutoTest.php" line="18" assertions="1" time="3.657861"/>
      </testsuite>
    </testsuite>
  </testsuite>
</testsuites>
