<?xml version="1.0" encoding="UTF-8"?>
<testsuites>
  <testsuite name="" tests="1" assertions="1" errors="0" warnings="0" failures="1" skipped="0" time="3.668527">
    <testsuite name="Feature" tests="1" assertions="1" errors="0" warnings="0" failures="1" skipped="0" time="3.668527">
      <testsuite name="Tests\Feature\ProdutoTest" file="/home/vagrant/tdd/tests/Feature/ProdutoTest.php" tests="1" assertions="1" errors="0" warnings="0" failures="1" skipped="0" time="3.668527">
        <testcase name="um_produto_pode_ser_criado" class="Tests\Feature\ProdutoTest" classname="Tests.Feature.ProdutoTest" file="/home/vagrant/tdd/tests/Feature/ProdutoTest.php" line="18" assertions="1" time="3.668527">
          <failure type="PHPUnit\Framework\ExpectationFailedException">Tests\Feature\ProdutoTest::um_produto_pode_ser_criado
Response status code [200] is not a redirect status code.
Failed asserting that false is true.

/home/vagrant/tdd/vendor/laravel/framework/src/Illuminate/Testing/TestResponse.php:260
/home/vagrant/tdd/tests/Feature/ProdutoTest.php:31</failure>
        </testcase>
      </testsuite>
    </testsuite>
  </testsuite>
</testsuites>
