<?xml version="1.0" encoding="UTF-8"?>
<testsuites>
  <testsuite name="" tests="1" assertions="0" errors="1" warnings="0" failures="0" skipped="0" time="5.729168">
    <testsuite name="Feature" tests="1" assertions="0" errors="1" warnings="0" failures="0" skipped="0" time="5.729168">
      <testsuite name="Tests\Feature\ProdutoTest" file="/home/vagrant/tdd/tests/Feature/ProdutoTest.php" tests="1" assertions="0" errors="1" warnings="0" failures="0" skipped="0" time="5.729168">
        <testcase name="um_produto_pode_ser_criado" class="Tests\Feature\ProdutoTest" classname="Tests.Feature.ProdutoTest" file="/home/vagrant/tdd/tests/Feature/ProdutoTest.php" line="18" assertions="0" time="5.729168">
          <error type="Illuminate\Encryption\MissingAppKeyException">Tests\Feature\ProdutoTest::um_produto_pode_ser_criado
Illuminate\Encryption\MissingAppKeyException: No application encryption key has been specified.

/home/vagrant/tdd/vendor/laravel/framework/src/Illuminate/Encryption/EncryptionServiceProvider.php:79
/home/vagrant/tdd/vendor/laravel/framework/src/Illuminate/Support/helpers.php:263
/home/vagrant/tdd/vendor/laravel/framework/src/Illuminate/Encryption/EncryptionServiceProvider.php:81
/home/vagrant/tdd/vendor/laravel/framework/src/Illuminate/Encryption/EncryptionServiceProvider.php:60
/home/vagrant/tdd/vendor/laravel/framework/src/Illuminate/Encryption/EncryptionServiceProvider.php:32
/home/vagrant/tdd/vendor/laravel/framework/src/Illuminate/Container/Container.php:869
/home/vagrant/tdd/vendor/laravel/framework/src/Illuminate/Container/Container.php:754
/home/vagrant/tdd/vendor/laravel/framework/src/Illuminate/Foundation/Application.php:841
/home/vagrant/tdd/vendor/laravel/framework/src/Illuminate/Container/Container.php:692
/home/vagrant/tdd/vendor/laravel/framework/src/Illuminate/Foundation/Application.php:826
/home/vagrant/tdd/vendor/laravel/framework/src/Illuminate/Container/Container.php:1027
/home/vagrant/tdd/vendor/laravel/framework/src/Illuminate/Container/Container.php:947
/home/vagrant/tdd/vendor/laravel/framework/src/Illuminate/Container/Container.php:908
/home/vagrant/tdd/vendor/laravel/framework/src/Illuminate/Container/Container.php:754
/home/vagrant/tdd/vendor/laravel/framework/src/Illuminate/Foundation/Application.php:841
/home/vagrant/tdd/vendor/laravel/framework/src/Illuminate/Container/Container.php:692
/home/vagrant/tdd/vendor/laravel/framework/src/Illuminate/Foundation/Application.php:826
/home/vagrant/tdd/vendor/laravel/framework/src/Illuminate/Pipeline/Pipeline.php:156
/home/vagrant/tdd/vendor/laravel/framework/src/Illuminate/Pipeline/Pipeline.php:103
/home/vagrant/tdd/vendor/laravel/framework/src/Illuminate/Routing/Router.php:697
/home/vagrant/tdd/vendor/laravel/framework/src/Illuminate/Routing/Router.php:672
/home/vagrant/tdd/vendor/laravel/framework/src/Illuminate/Routing/Router.php:636
/home/vagrant/tdd/vendor/laravel/framework/src/Illuminate/Routing/Router.php:625
/home/vagrant/tdd/vendor/laravel/framework/src/Illuminate/Foundation/Http/Kernel.php:166
/home/vagrant/tdd/vendor/laravel/framework/src/Illuminate/Pipeline/Pipeline.php:128
/home/vagrant/tdd/vendor/laravel/framework/src/Illuminate/Foundation/Http/Middleware/TransformsRequest.php:21
/home/vagrant/tdd/vendor/laravel/framework/src/Illuminate/Foundation/Http/Middleware/ConvertEmptyStringsToNull.php:31
/home/vagrant/tdd/vendor/laravel/framework/src/Illuminate/Pipeline/Pipeline.php:167
/home/vagrant/tdd/vendor/laravel/framework/src/Illuminate/Foundation/Http/Middleware/TransformsRequest.php:21
/home/vagrant/tdd/vendor/laravel/framework/src/Illuminate/Foundation/Http/Middleware/TrimStrings.php:40
/home/vagrant/tdd/vendor/laravel/framework/src/Illuminate/Pipeline/Pipeline.php:167
/home/vagrant/tdd/vendor/laravel/framework/src/Illuminate/Foundation/Http/Middleware/ValidatePostSize.php:27
/home/vagrant/tdd/vendor/laravel/framework/src/Illuminate/Pipeline/Pipeline.php:167
/home/vagrant/tdd/vendor/laravel/framework/src/Illuminate/Foundation/Http/Middleware/PreventRequestsDuringMaintenance.php:86
/home/vagrant/tdd/vendor/laravel/framework/src/Illuminate/Pipeline/Pipeline.php:167
/home/vagrant/tdd/vendor/fruitcake/laravel-cors/src/HandleCors.php:38
/home/vagrant/tdd/vendor/laravel/framework/src/Illuminate/Pipeline/Pipeline.php:167
/home/vagrant/tdd/vendor/laravel/framework/src/Illuminate/Http/Middleware/TrustProxies.php:39
/home/vagrant/tdd/vendor/laravel/framework/src/Illuminate/Pipeline/Pipeline.php:167
/home/vagrant/tdd/vendor/laravel/framework/src/Illuminate/Pipeline/Pipeline.php:103
/home/vagrant/tdd/vendor/laravel/framework/src/Illuminate/Foundation/Http/Kernel.php:141
/home/vagrant/tdd/vendor/laravel/framework/src/Illuminate/Foundation/Http/Kernel.php:110
/home/vagrant/tdd/vendor/laravel/framework/src/Illuminate/Foundation/Testing/Concerns/MakesHttpRequests.php:510
/home/vagrant/tdd/vendor/laravel/framework/src/Illuminate/Foundation/Testing/Concerns/MakesHttpRequests.php:322
/home/vagrant/tdd/tests/Feature/ProdutoTest.php:31</error>
        </testcase>
      </testsuite>
    </testsuite>
  </testsuite>
</testsuites>
