<?xml version="1.0" encoding="UTF-8"?>
<testsuites>
  <testsuite name="" tests="1" assertions="1" errors="1" warnings="0" failures="0" skipped="0" time="3.557182">
    <testsuite name="Feature" tests="1" assertions="1" errors="1" warnings="0" failures="0" skipped="0" time="3.557182">
      <testsuite name="Tests\Feature\ProdutoTest" file="/home/vagrant/tdd/tests/Feature/ProdutoTest.php" tests="1" assertions="1" errors="1" warnings="0" failures="0" skipped="0" time="3.557182">
        <testcase name="um_produto_pode_ser_criado" class="Tests\Feature\ProdutoTest" classname="Tests.Feature.ProdutoTest" file="/home/vagrant/tdd/tests/Feature/ProdutoTest.php" line="18" assertions="1" time="3.557182">
          <error type="Symfony\Component\HttpKernel\Exception\MethodNotAllowedHttpException">Tests\Feature\ProdutoTest::um_produto_pode_ser_criado
Symfony\Component\HttpKernel\Exception\MethodNotAllowedHttpException: The GET method is not supported for this route. Supported methods: POST.

/home/vagrant/tdd/vendor/laravel/framework/src/Illuminate/Routing/AbstractRouteCollection.php:117
/home/vagrant/tdd/vendor/laravel/framework/src/Illuminate/Routing/AbstractRouteCollection.php:103
/home/vagrant/tdd/vendor/laravel/framework/src/Illuminate/Routing/AbstractRouteCollection.php:40
/home/vagrant/tdd/vendor/laravel/framework/src/Illuminate/Routing/RouteCollection.php:162
/home/vagrant/tdd/vendor/laravel/framework/src/Illuminate/Routing/Router.php:647
/home/vagrant/tdd/vendor/laravel/framework/src/Illuminate/Routing/Router.php:636
/home/vagrant/tdd/vendor/laravel/framework/src/Illuminate/Routing/Router.php:625
/home/vagrant/tdd/vendor/laravel/framework/src/Illuminate/Foundation/Http/Kernel.php:166
/home/vagrant/tdd/vendor/laravel/framework/src/Illuminate/Pipeline/Pipeline.php:128
/home/vagrant/tdd/vendor/laravel/framework/src/Illuminate/Foundation/Http/Middleware/TransformsRequest.php:21
/home/vagrant/tdd/vendor/laravel/framework/src/Illuminate/Foundation/Http/Middleware/ConvertEmptyStringsToNull.php:31
/home/vagrant/tdd/vendor/laravel/framework/src/Illuminate/Pipeline/Pipeline.php:167
/home/vagrant/tdd/vendor/laravel/framework/src/Illuminate/Foundation/Http/Middleware/TransformsRequest.php:21
/home/vagrant/tdd/vendor/laravel/framework/src/Illuminate/Foundation/Http/Middleware/TrimStrings.php:40
/home/vagrant/tdd/vendor/laravel/framework/src/Illuminate/Pipeline/Pipeline.php:167
/home/vagrant/tdd/vendor/laravel/framework/src/Illuminate/Foundation/Http/Middleware/ValidatePostSize.php:27
/home/vagrant/tdd/vendor/laravel/framework/src/Illuminate/Pipeline/Pipeline.php:167
/home/vagrant/tdd/vendor/laravel/framework/src/Illuminate/Foundation/Http/Middleware/PreventRequestsDuringMaintenance.php:86
/home/vagrant/tdd/vendor/laravel/framework/src/Illuminate/Pipeline/Pipeline.php:167
/home/vagrant/tdd/vendor/fruitcake/laravel-cors/src/HandleCors.php:38
/home/vagrant/tdd/vendor/laravel/framework/src/Illuminate/Pipeline/Pipeline.php:167
/home/vagrant/tdd/vendor/laravel/framework/src/Illuminate/Http/Middleware/TrustProxies.php:39
/home/vagrant/tdd/vendor/laravel/framework/src/Illuminate/Pipeline/Pipeline.php:167
/home/vagrant/tdd/vendor/laravel/framework/src/Illuminate/Pipeline/Pipeline.php:103
/home/vagrant/tdd/vendor/laravel/framework/src/Illuminate/Foundation/Http/Kernel.php:141
/home/vagrant/tdd/vendor/laravel/framework/src/Illuminate/Foundation/Http/Kernel.php:110
/home/vagrant/tdd/vendor/laravel/framework/src/Illuminate/Foundation/Testing/Concerns/MakesHttpRequests.php:510
/home/vagrant/tdd/vendor/laravel/framework/src/Illuminate/Foundation/Testing/Concerns/MakesHttpRequests.php:294
/home/vagrant/tdd/tests/Feature/ProdutoTest.php:35</error>
        </testcase>
      </testsuite>
    </testsuite>
  </testsuite>
</testsuites>
